Datetime: 04:14:03 on Apr 02
Hostname: guppy4
SLURM_JOB_ID: 1216916
SLURM_ARRAY_JOB_ID: 1216907
SLURM_ARRAY_TASK_ID: 8
SLURM_ARRAY_TASK_COUNT: 14
Parsed flags: 
--nohelp
--nohelpfull
--nohelpshort
--nohelpxml
--noonly_check_args
--nopdb
--nopdb_post_mortem
--norun_with_pdb
--norun_with_profiling
--use_cprofile_for_profiling
--noalsologtostderr
--log_dir=
--logger_levels=
--nologtostderr
--showprefixforinfo
--stderrthreshold=fatal
--verbosity=0
--arch=lenet
--batch_size=256
--nodebug
--dset=mnist
--dset=fashion
--dset=fashion_and_mnist
--epochs=100
--init=xavier
--log_frequency=0
--lr=0.001
--momentum=0.0
--n_preferences=5
--n_workers=4
--outdir=runs
--seed=3070
--solver=individual
--valid_frequency=1

Dataset: fashion_and_mnist
CUDA: True
Epoch 1/100: valid loss = [6.589643  0.8878289] valid acc = [0.08635 0.6745 ] 
Epoch 2/100: valid loss = [6.842735   0.77699214] valid acc = [0.0875  0.70925] 
Epoch 3/100: valid loss = [7.2714205 0.701195 ] valid acc = [0.0876     0.73829997] 
Epoch 4/100: valid loss = [7.155225 0.660083] valid acc = [0.08715 0.7529 ] 
Epoch 5/100: valid loss = [7.3798003 0.6372166] valid acc = [0.087      0.76339996] 
Epoch 6/100: valid loss = [7.6766806  0.63044024] valid acc = [0.0863     0.76449996] 
Epoch 7/100: valid loss = [7.364904   0.60283124] valid acc = [0.0884 0.7783] 
Epoch 8/100: valid loss = [7.721683   0.60300314] valid acc = [0.08845 0.77715] 
Epoch 9/100: valid loss = [7.346489   0.58020955] valid acc = [0.08814999 0.78445   ] 
Epoch 10/100: valid loss = [7.378582  0.5778943] valid acc = [0.0887 0.7834] 
Epoch 11/100: valid loss = [7.698295  0.5608135] valid acc = [0.0895     0.78929996] 
Epoch 12/100: valid loss = [7.427187  0.5558657] valid acc = [0.0888 0.7962] 
Epoch 13/100: valid loss = [7.2957234  0.53840715] valid acc = [0.0892  0.80105] 
Epoch 14/100: valid loss = [7.244338   0.53523654] valid acc = [0.08985    0.80329996] 
Epoch 15/100: valid loss = [7.4184217  0.53181595] valid acc = [0.0897 0.8007] 
Epoch 16/100: valid loss = [7.442091  0.5256331] valid acc = [0.0909  0.80445] 
Epoch 17/100: valid loss = [7.2496743 0.5193194] valid acc = [0.09105 0.80915] 
Epoch 18/100: valid loss = [7.3043537 0.5160261] valid acc = [0.08995 0.80895] 
Epoch 19/100: valid loss = [7.2949514 0.5116386] valid acc = [0.0906  0.81075] 
Epoch 20/100: valid loss = [7.217529  0.5050155] valid acc = [0.09015 0.81645] 
Epoch 21/100: valid loss = [7.433662  0.5190543] valid acc = [0.0913 0.8057] 
Epoch 22/100: valid loss = [7.048601   0.49424475] valid acc = [0.0916  0.81755] 
Epoch 23/100: valid loss = [7.2054753  0.49558055] valid acc = [0.0903 0.8183] 
Epoch 24/100: valid loss = [7.12488   0.5168919] valid acc = [0.09065 0.80625] 
Epoch 25/100: valid loss = [6.9986944 0.5108411] valid acc = [0.09275    0.81329995] 
Epoch 26/100: valid loss = [7.1233516 0.4964751] valid acc = [0.0919  0.81745] 
Epoch 27/100: valid loss = [7.1679997  0.48192486] valid acc = [0.09145 0.8224 ] 
Epoch 28/100: valid loss = [7.080049   0.47501114] valid acc = [0.09034999 0.82655   ] 
Epoch 29/100: valid loss = [7.123846   0.48603967] valid acc = [0.0915 0.82  ] 
Epoch 30/100: valid loss = [7.1101556  0.47780988] valid acc = [0.09119999 0.82479995] 
Epoch 31/100: valid loss = [6.933515   0.47941238] valid acc = [0.0927 0.824 ] 
Epoch 32/100: valid loss = [6.941154   0.47171974] valid acc = [0.09225 0.83045] 
Epoch 33/100: valid loss = [7.1395397  0.47941664] valid acc = [0.09145    0.82304996] 
Epoch 34/100: valid loss = [7.2280865  0.46612126] valid acc = [0.0915  0.82825] 
Epoch 35/100: valid loss = [6.9810605  0.47166762] valid acc = [0.0923  0.82825] 
Epoch 36/100: valid loss = [7.155805   0.46597233] valid acc = [0.09075 0.82865] 
Epoch 37/100: valid loss = [6.9261026 0.4646569] valid acc = [0.0928     0.83194995] 
Epoch 38/100: valid loss = [7.1056056  0.45703924] valid acc = [0.08989999 0.8347    ] 
Epoch 39/100: valid loss = [6.9554057  0.45250538] valid acc = [0.09254999 0.83655   ] 
Epoch 40/100: valid loss = [7.0882277  0.45439705] valid acc = [0.09215 0.83515] 
Epoch 41/100: valid loss = [7.112059   0.45921627] valid acc = [0.09215 0.83185] 
Epoch 42/100: valid loss = [7.0788345  0.45117956] valid acc = [0.09235 0.8343 ] 
Epoch 43/100: valid loss = [7.02135   0.4485691] valid acc = [0.09145 0.83585] 
Epoch 44/100: valid loss = [7.0043607  0.44507542] valid acc = [0.0916 0.8386] 
Epoch 45/100: valid loss = [7.2707057  0.45936853] valid acc = [0.09195    0.83194995] 
Epoch 46/100: valid loss = [7.0966954  0.45202604] valid acc = [0.0929 0.8359] 
Epoch 47/100: valid loss = [7.0904155 0.4402771] valid acc = [0.0935  0.84055] 
Epoch 48/100: valid loss = [7.222403  0.4410405] valid acc = [0.0916 0.84  ] 
Epoch 49/100: valid loss = [7.0775065  0.43741557] valid acc = [0.09155 0.8422 ] 
Epoch 50/100: valid loss = [6.9889946  0.43581367] valid acc = [0.0928  0.84235] 
Epoch 51/100: valid loss = [7.2130127  0.44046867] valid acc = [0.0918  0.83975] 
Epoch 52/100: valid loss = [6.982786  0.4368997] valid acc = [0.09285 0.8415 ] 
Epoch 53/100: valid loss = [7.0623155 0.4440748] valid acc = [0.09365 0.83895] 
Epoch 54/100: valid loss = [7.4308205  0.45150855] valid acc = [0.0924 0.8319] 
Epoch 55/100: valid loss = [6.876011   0.43127167] valid acc = [0.09355    0.84454995] 
Epoch 56/100: valid loss = [7.0073338 0.4290242] valid acc = [0.0935 0.8445] 
Epoch 57/100: valid loss = [7.131089   0.42761198] valid acc = [0.0925 0.8463] 
Epoch 58/100: valid loss = [7.113918   0.43070102] valid acc = [0.09339999 0.84419996] 
Epoch 59/100: valid loss = [7.0491343  0.42673224] valid acc = [0.0927  0.84645] 
Epoch 60/100: valid loss = [7.303019   0.42842677] valid acc = [0.09299999 0.84314996] 
Epoch 61/100: valid loss = [7.2011757  0.42854822] valid acc = [0.09254999 0.84405   ] 
Epoch 62/100: valid loss = [7.3028297 0.4397305] valid acc = [0.0937     0.83809996] 
Epoch 63/100: valid loss = [7.258022   0.42761806] valid acc = [0.09315 0.8452 ] 
Epoch 64/100: valid loss = [7.2450395  0.42428783] valid acc = [0.0938 0.8465] 
Epoch 65/100: valid loss = [7.0947027  0.42630416] valid acc = [0.09305 0.84445] 
Epoch 66/100: valid loss = [7.1278534  0.42779258] valid acc = [0.0933 0.843 ] 
Epoch 67/100: valid loss = [7.2679853  0.42374107] valid acc = [0.0927 0.8484] 
Epoch 68/100: valid loss = [7.4778566  0.42780048] valid acc = [0.09205 0.8429 ] 
Epoch 69/100: valid loss = [6.95061   0.4171164] valid acc = [0.09335 0.8498 ] 
Epoch 70/100: valid loss = [7.0673337  0.41647953] valid acc = [0.0924  0.85115] 
Epoch 71/100: valid loss = [7.2347493  0.41752192] valid acc = [0.0918 0.8502] 
Epoch 72/100: valid loss = [7.1801853  0.41981927] valid acc = [0.0929 0.8491] 
Epoch 73/100: valid loss = [7.1518087 0.4209395] valid acc = [0.0935 0.847 ] 
Epoch 74/100: valid loss = [7.2248335  0.42425117] valid acc = [0.0929  0.84655] 
Epoch 75/100: valid loss = [7.254455 0.435755] valid acc = [0.09254999 0.8405    ] 
Epoch 76/100: valid loss = [7.336919   0.41545463] valid acc = [0.0923 0.8512] 
Epoch 77/100: valid loss = [7.3200097  0.41130173] valid acc = [0.0923     0.85174996] 
Epoch 78/100: valid loss = [7.4408712  0.40954658] valid acc = [0.09285 0.8522 ] 
Epoch 79/100: valid loss = [7.2361164 0.4189055] valid acc = [0.092 0.848] 
Epoch 80/100: valid loss = [7.219056   0.41057447] valid acc = [0.0925     0.85284996] 
Epoch 81/100: valid loss = [7.256437   0.42182174] valid acc = [0.09395 0.8469 ] 
Epoch 82/100: valid loss = [7.1153736 0.4161116] valid acc = [0.0937     0.84819996] 
Epoch 83/100: valid loss = [7.1940675  0.40675065] valid acc = [0.09265    0.85424995] 
Epoch 84/100: valid loss = [7.239316   0.41135877] valid acc = [0.092      0.85249996] 
Epoch 85/100: valid loss = [7.2758684 0.4099125] valid acc = [0.09295    0.85209996] 
Epoch 86/100: valid loss = [7.2127995 0.4132705] valid acc = [0.092      0.84994996] 
Epoch 87/100: valid loss = [7.3261456 0.4095828] valid acc = [0.09235 0.85225] 
Epoch 88/100: valid loss = [7.1816936 0.4284706] valid acc = [0.0928     0.84279996] 
Epoch 89/100: valid loss = [7.481618   0.40864742] valid acc = [0.09235    0.85394996] 
Epoch 90/100: valid loss = [7.4071293  0.42277983] valid acc = [0.0916  0.84695] 
Epoch 91/100: valid loss = [7.271488  0.4059344] valid acc = [0.09245 0.85515] 
Epoch 92/100: valid loss = [7.2025156  0.40606052] valid acc = [0.09225 0.85555] 
Epoch 93/100: valid loss = [7.394855 0.419902] valid acc = [0.09195 0.84845] 
Epoch 94/100: valid loss = [7.3598046  0.41031164] valid acc = [0.09285    0.84999996] 
Epoch 95/100: valid loss = [7.316402   0.40392968] valid acc = [0.09285    0.85604995] 
Epoch 96/100: valid loss = [7.309773  0.4124199] valid acc = [0.09335 0.85165] 
Epoch 97/100: valid loss = [7.3631268  0.40927887] valid acc = [0.09425    0.85349995] 
Epoch 98/100: valid loss = [7.2924113  0.41306663] valid acc = [0.094      0.85109997] 
Epoch 99/100: valid loss = [7.4902077 0.4071692] valid acc = [0.09405    0.85499996] 
Epoch 100/100: valid loss = [7.3978705  0.40714705] valid acc = [0.09305 0.8533 ] 
