Datetime: 02:48:16 on Apr 02
Hostname: guppy4
SLURM_JOB_ID: 1216916
SLURM_ARRAY_JOB_ID: 1216907
SLURM_ARRAY_TASK_ID: 8
SLURM_ARRAY_TASK_COUNT: 14
Parsed flags: 
--nohelp
--nohelpfull
--nohelpshort
--nohelpxml
--noonly_check_args
--nopdb
--nopdb_post_mortem
--norun_with_pdb
--norun_with_profiling
--use_cprofile_for_profiling
--noalsologtostderr
--log_dir=
--logger_levels=
--nologtostderr
--showprefixforinfo
--stderrthreshold=fatal
--verbosity=0
--arch=lenet
--batch_size=256
--nodebug
--dset=mnist
--dset=fashion
--dset=fashion_and_mnist
--epochs=100
--init=xavier
--log_frequency=0
--lr=0.001
--momentum=0.0
--n_preferences=5
--n_workers=4
--outdir=runs
--seed=3070
--solver=individual
--valid_frequency=1

Dataset: mnist
CUDA: True
Epoch 1/100: valid loss = [0.9283662 5.834127 ] valid acc = [0.70255 0.0998 ] 
Epoch 2/100: valid loss = [0.70835173 7.304358  ] valid acc = [0.77105 0.09725] 
Epoch 3/100: valid loss = [0.6245765 8.323057 ] valid acc = [0.7994 0.0981] 
Epoch 4/100: valid loss = [0.55287004 8.375605  ] valid acc = [0.82129997 0.0973    ] 
Epoch 5/100: valid loss = [0.5204067 8.669404 ] valid acc = [0.8301     0.09564999] 
Epoch 6/100: valid loss = [0.49069196 9.078336  ] valid acc = [0.8407  0.09745] 
Epoch 7/100: valid loss = [0.47185957 8.791096  ] valid acc = [0.8476     0.09514999] 
Epoch 8/100: valid loss = [0.4480137 8.995836 ] valid acc = [0.85359997 0.09755   ] 
Epoch 9/100: valid loss = [0.4316513 9.090571 ] valid acc = [0.86069995 0.0963    ] 
Epoch 10/100: valid loss = [0.42399734 9.344411  ] valid acc = [0.8613  0.09725] 
Epoch 11/100: valid loss = [0.41125518 9.240445  ] valid acc = [0.86499995 0.09705   ] 
Epoch 12/100: valid loss = [0.3983782 9.269807 ] valid acc = [0.8689 0.0971] 
Epoch 13/100: valid loss = [0.39913216 9.330097  ] valid acc = [0.86915 0.0975 ] 
Epoch 14/100: valid loss = [0.3833491 9.312507 ] valid acc = [0.87434995 0.0962    ] 
Epoch 15/100: valid loss = [0.37617838 9.332058  ] valid acc = [0.87665 0.09595] 
Epoch 16/100: valid loss = [0.3686041 9.397485 ] valid acc = [0.88005    0.09739999] 
Epoch 17/100: valid loss = [0.3640423 9.603822 ] valid acc = [0.88044995 0.0968    ] 
Epoch 18/100: valid loss = [0.3522116 9.698138 ] valid acc = [0.885  0.0972] 
Epoch 19/100: valid loss = [0.36339295 9.558152  ] valid acc = [0.88199997 0.0968    ] 
Epoch 20/100: valid loss = [0.3537231 9.507962 ] valid acc = [0.8856  0.09685] 
Epoch 21/100: valid loss = [0.37508088 9.50653   ] valid acc = [0.87904996 0.0962    ] 
Epoch 22/100: valid loss = [0.34345528 9.6097355 ] valid acc = [0.88834995 0.09675   ] 
Epoch 23/100: valid loss = [ 0.34117866 10.1981325 ] valid acc = [0.88839996 0.09555   ] 
Epoch 24/100: valid loss = [0.33494467 9.646675  ] valid acc = [0.89155 0.09675] 
Epoch 25/100: valid loss = [0.33105445 9.818073  ] valid acc = [0.8914  0.09755] 
Epoch 26/100: valid loss = [0.33517352 9.867645  ] valid acc = [0.88944995 0.0969    ] 
Epoch 27/100: valid loss = [0.33745328 9.915066  ] valid acc = [0.8897 0.0979] 
Epoch 28/100: valid loss = [ 0.32267886 10.0248165 ] valid acc = [0.89425 0.09685] 
Epoch 29/100: valid loss = [0.31829816 9.933154  ] valid acc = [0.89664996 0.0967    ] 
Epoch 30/100: valid loss = [ 0.31553063 10.148557  ] valid acc = [0.8964 0.0966] 
Epoch 31/100: valid loss = [0.3242261 9.970759 ] valid acc = [0.8946  0.09645] 
Epoch 32/100: valid loss = [0.31674317 9.964326  ] valid acc = [0.89755 0.09705] 
Epoch 33/100: valid loss = [ 0.31911036 10.3777275 ] valid acc = [0.89755    0.09734999] 
Epoch 34/100: valid loss = [ 0.3165063 10.036459 ] valid acc = [0.8954  0.09685] 
Epoch 35/100: valid loss = [0.31885454 9.874384  ] valid acc = [0.8962  0.09625] 
Epoch 36/100: valid loss = [ 0.30700287 10.003209  ] valid acc = [0.90024996 0.09675   ] 
Epoch 37/100: valid loss = [ 0.31318283 10.601812  ] valid acc = [0.8979  0.09685] 
Epoch 38/100: valid loss = [ 0.3104826 10.2931185] valid acc = [0.89804995 0.0968    ] 
Epoch 39/100: valid loss = [ 0.3066102 10.181476 ] valid acc = [0.90035 0.09535] 
Epoch 40/100: valid loss = [ 0.29962116 10.351138  ] valid acc = [0.90234995 0.09635   ] 
Epoch 41/100: valid loss = [ 0.3088011 10.50425  ] valid acc = [0.90005 0.09625] 
Epoch 42/100: valid loss = [ 0.3066525 10.486899 ] valid acc = [0.90024996 0.09705   ] 
Epoch 43/100: valid loss = [ 0.30165187 10.127454  ] valid acc = [0.90204996 0.09675   ] 
Epoch 44/100: valid loss = [ 0.30761412 10.249706  ] valid acc = [0.90045    0.09739999] 
Epoch 45/100: valid loss = [ 0.30207005 10.2899685 ] valid acc = [0.90129995 0.09564999] 
Epoch 46/100: valid loss = [ 0.2980073 10.105998 ] valid acc = [0.90295 0.0966 ] 
Epoch 47/100: valid loss = [ 0.29638138 10.342402  ] valid acc = [0.90449995 0.0938    ] 
Epoch 48/100: valid loss = [ 0.2978003 10.487469 ] valid acc = [0.90389997 0.09625   ] 
Epoch 49/100: valid loss = [ 0.29622892 10.313367  ] valid acc = [0.90379995 0.09604999] 
Epoch 50/100: valid loss = [ 0.29610357 10.571415  ] valid acc = [0.90164995 0.09595   ] 
Epoch 51/100: valid loss = [ 0.2993743 10.396008 ] valid acc = [0.90354997 0.09665   ] 
Epoch 52/100: valid loss = [ 0.29135364 10.584993  ] valid acc = [0.90454996 0.09635   ] 
Epoch 53/100: valid loss = [ 0.29268575 10.843207  ] valid acc = [0.90524995 0.09465   ] 
Epoch 54/100: valid loss = [ 0.29392117 11.004091  ] valid acc = [0.90585    0.09734999] 
Epoch 55/100: valid loss = [ 0.2982962 10.394552 ] valid acc = [0.9027 0.0949] 
Epoch 56/100: valid loss = [ 0.30031982 10.833279  ] valid acc = [0.9027  0.09685] 
Epoch 57/100: valid loss = [ 0.2921567 10.752424 ] valid acc = [0.9061  0.09645] 
Epoch 58/100: valid loss = [ 0.29465026 10.553218  ] valid acc = [0.90435    0.09559999] 
Epoch 59/100: valid loss = [ 0.29097065 10.771885  ] valid acc = [0.9054  0.09635] 
Epoch 60/100: valid loss = [ 0.29358143 10.890488  ] valid acc = [0.90419996 0.09675   ] 
Epoch 61/100: valid loss = [ 0.28344813 10.783419  ] valid acc = [0.908      0.09604999] 
Epoch 62/100: valid loss = [ 0.28823256 10.721076  ] valid acc = [0.90704995 0.0953    ] 
Epoch 63/100: valid loss = [ 0.28819385 10.535127  ] valid acc = [0.9068 0.0964] 
Epoch 64/100: valid loss = [ 0.29225233 10.948102  ] valid acc = [0.90645 0.0963 ] 
Epoch 65/100: valid loss = [ 0.28428787 10.804342  ] valid acc = [0.90825 0.0963 ] 
Epoch 66/100: valid loss = [ 0.28890914 10.668802  ] valid acc = [0.9076  0.09555] 
Epoch 67/100: valid loss = [ 0.29273668 10.873867  ] valid acc = [0.90545 0.09635] 
Epoch 68/100: valid loss = [ 0.29771778 10.849597  ] valid acc = [0.90405 0.09455] 
Epoch 69/100: valid loss = [ 0.28881052 10.753521  ] valid acc = [0.90725 0.0967 ] 
Epoch 70/100: valid loss = [ 0.28308737 10.730683  ] valid acc = [0.90889996 0.0963    ] 
Epoch 71/100: valid loss = [ 0.28537843 10.630197  ] valid acc = [0.90674996 0.0961    ] 
Epoch 72/100: valid loss = [ 0.31075528 10.656778  ] valid acc = [0.90024996 0.09585   ] 
Epoch 73/100: valid loss = [ 0.29856202 10.757762  ] valid acc = [0.90215 0.09615] 
Epoch 74/100: valid loss = [ 0.2779746 10.960852 ] valid acc = [0.90975    0.09519999] 
Epoch 75/100: valid loss = [ 0.28353998 10.746983  ] valid acc = [0.9086 0.0946] 
Epoch 76/100: valid loss = [ 0.28174448 10.873687  ] valid acc = [0.90999997 0.0964    ] 
Epoch 77/100: valid loss = [ 0.28167802 10.546385  ] valid acc = [0.9095  0.09435] 
Epoch 78/100: valid loss = [ 0.2764808 10.915478 ] valid acc = [0.9105  0.09575] 
Epoch 79/100: valid loss = [ 0.28027454 10.75386   ] valid acc = [0.9095  0.09595] 
Epoch 80/100: valid loss = [ 0.2768212 10.955808 ] valid acc = [0.9106 0.0953] 
Epoch 81/100: valid loss = [ 0.2769241 10.573309 ] valid acc = [0.90985 0.09635] 
Epoch 82/100: valid loss = [ 0.28754067 10.466105  ] valid acc = [0.90739995 0.09525   ] 
Epoch 83/100: valid loss = [ 0.2755495 10.605557 ] valid acc = [0.90985 0.09535] 
Epoch 84/100: valid loss = [ 0.30494913 10.570773  ] valid acc = [0.90465 0.0932 ] 
Epoch 85/100: valid loss = [ 0.27744445 10.818952  ] valid acc = [0.91139996 0.09604999] 
Epoch 86/100: valid loss = [ 0.27405062 10.713501  ] valid acc = [0.91249996 0.09564999] 
Epoch 87/100: valid loss = [ 0.27506217 10.922387  ] valid acc = [0.91244996 0.09564999] 
Epoch 88/100: valid loss = [ 0.28614426 10.805566  ] valid acc = [0.90665 0.09485] 
Epoch 89/100: valid loss = [ 0.2757147 10.89697  ] valid acc = [0.91185 0.09525] 
Epoch 90/100: valid loss = [ 0.2780684 10.595581 ] valid acc = [0.9109 0.0951] 
Epoch 91/100: valid loss = [ 0.2739021 10.937054 ] valid acc = [0.912 0.095] 
Epoch 92/100: valid loss = [ 0.27915666 11.0348625 ] valid acc = [0.9091 0.0962] 
Epoch 93/100: valid loss = [ 0.2754688 10.673771 ] valid acc = [0.91174996 0.09559999] 
Epoch 94/100: valid loss = [ 0.27308592 10.889847  ] valid acc = [0.91265    0.09649999] 
Epoch 95/100: valid loss = [ 0.27283973 10.666158  ] valid acc = [0.91265 0.09505] 
Epoch 96/100: valid loss = [ 0.27465415 10.6241    ] valid acc = [0.91134995 0.09535   ] 
Epoch 97/100: valid loss = [ 0.2734919 10.605435 ] valid acc = [0.91225 0.09625] 
Epoch 98/100: valid loss = [ 0.27039945 10.824569  ] valid acc = [0.91375 0.09425] 
Epoch 99/100: valid loss = [ 0.27055773 10.909475  ] valid acc = [0.91314995 0.09525   ] 
Epoch 100/100: valid loss = [ 0.2846737 10.840207 ] valid acc = [0.91029996 0.09555   ] 
